%!Adobe-FontList 1.16
%Locale:0x809

%BeginFont
Handler:DirectoryHandler
FontType:Type1
FontName:FedraSerifBStdBook
FamilyName:Fedra Serif B Std
StyleName:Book
FullName:Fedra Serif B Std Book
MenuName:Fedra Serif B Std Book
StyleBits:0
WritingScript:Roman
OutlineFileName:C:\Users\Raquel\Documents\INDD\Kraus\Chris_Kraus_proof_v18 Folder\Document fonts\36822663_FSerStdB-Book.otf
DataFormat:sfntData
UsesStandardEncoding:yes
isCFF:yes
FileLength:288752
FileModTime:1251809264
WeightClass:350
WidthClass:5
AngleClass:0
NameArray:0,Mac,4,Fedra Serif B Std Book
NameArray:0,Win,1,Fedra Serif B Std Book
NameArray:0,Win,16,Fedra Serif B Std
%EndFont

%BeginFont
Handler:DirectoryHandler
FontType:TrueType
FontName:GentiumBasic-Bold
FamilyName:Gentium Basic
StyleName:Bold
FullName:Gentium Basic Bold
MenuName:Gentium Basic
StyleBits:2
WritingScript:Roman
OutlineFileName:C:\Users\Raquel\Documents\INDD\Kraus\Chris_Kraus_proof_v18 Folder\Document fonts\GenBasB.ttf
DataFormat:sfntData
FileLength:271648
FileModTime:1207137668
WeightClass:700
WidthClass:5
AngleClass:0
NameArray:0,Mac,18,Gentium Basic Bold
NameArray:0,Mac,4,Gentium Basic Bold
NameArray:0,Win,1,Gentium Basic
%EndFont

%BeginFont
Handler:DirectoryHandler
FontType:TrueType
FontName:GentiumBasic-BoldItalic
FamilyName:Gentium Basic
StyleName:Bold Italic
FullName:Gentium Basic Bold Italic
MenuName:Gentium Basic
StyleBits:3
WritingScript:Roman
OutlineFileName:C:\Users\Raquel\Documents\INDD\Kraus\Chris_Kraus_proof_v18 Folder\Document fonts\GenBasBI.ttf
DataFormat:sfntData
FileLength:250668
FileModTime:1207137668
WeightClass:700
WidthClass:5
AngleClass:1
NameArray:0,Mac,18,Gentium Basic Bold Italic
NameArray:0,Mac,4,Gentium Basic Bold Italic
NameArray:0,Win,1,Gentium Basic
%EndFont

%BeginFont
Handler:DirectoryHandler
FontType:TrueType
FontName:GentiumBasic-Italic
FamilyName:Gentium Basic
StyleName:Italic
FullName:Gentium Basic Italic
MenuName:Gentium Basic
StyleBits:1
WritingScript:Roman
OutlineFileName:C:\Users\Raquel\Documents\INDD\Kraus\Chris_Kraus_proof_v18 Folder\Document fonts\GenBasI.ttf
DataFormat:sfntData
FileLength:263504
FileModTime:1207137668
WeightClass:400
WidthClass:5
AngleClass:1
NameArray:0,Mac,18,Gentium Basic Italic
NameArray:0,Mac,4,Gentium Basic Italic
NameArray:0,Win,1,Gentium Basic
%EndFont

%BeginFont
Handler:DirectoryHandler
FontType:TrueType
FontName:GentiumBasic
FamilyName:Gentium Basic
StyleName:Regular
FullName:Gentium Basic
MenuName:Gentium Basic
StyleBits:0
WritingScript:Roman
OutlineFileName:C:\Users\Raquel\Documents\INDD\Kraus\Chris_Kraus_proof_v18 Folder\Document fonts\GenBasR.ttf
DataFormat:sfntData
FileLength:269048
FileModTime:1207137668
WeightClass:400
WidthClass:5
AngleClass:0
NameArray:0,Mac,18,Gentium Basic
NameArray:0,Mac,4,Gentium Basic
NameArray:0,Win,1,Gentium Basic
%EndFont

%BeginFont
Handler:DirectoryHandler
FontType:TrueType
FontName:GentiumBookBasic
FamilyName:Gentium Book Basic
StyleName:Regular
FullName:Gentium Book Basic
MenuName:Gentium Book Basic
StyleBits:0
WritingScript:Roman
OutlineFileName:C:\Users\Raquel\Documents\INDD\Kraus\Chris_Kraus_proof_v18 Folder\Document fonts\GenBkBasR.ttf
DataFormat:sfntData
FileLength:272460
FileModTime:1207137678
WeightClass:400
WidthClass:5
AngleClass:0
NameArray:0,Mac,18,Gentium Book Basic
NameArray:0,Mac,4,Gentium Book Basic
NameArray:0,Win,1,Gentium Book Basic
%EndFont

%BeginFont
Handler:DirectoryHandler
FontType:Type1
FontName:History-Four
FamilyName:History
StyleName:04
FullName:History 04
MenuName:History 04
StyleBits:0
WritingScript:Roman
OutlineFileName:C:\Users\Raquel\Documents\INDD\Kraus\Chris_Kraus_proof_v18 Folder\Document fonts\History Four.otf
DataFormat:sfntData
UsesStandardEncoding:yes
isCFF:yes
FileLength:44788
FileModTime:1220375606
WeightClass:400
WidthClass:5
AngleClass:0
NameArray:0,Mac,4,History 04
NameArray:0,Win,1,History 04
NameArray:0,Win,16,History
%EndFont

